<?xml version="1.0" encoding="UTF-8"?>
<!-- Generated by org.testng.reporters.JUnitReportReporter -->
<testsuite hostname="DESKTOP-T931FSH" failures="0" tests="3" name="tests.AddProductToShoppingCartTest" time="8.046" errors="0" timestamp="2023-12-13T01:01:59 CET" skipped="0">
  <testcase classname="tests.AddProductToShoppingCartTest" name="userCanSearchWithAutoSuggest" time="3.318"/>
  <system-out/>
  <testcase classname="tests.AddProductToShoppingCartTest" name="userCanAddProductToShoppingCart" time="3.673"/>
  <system-out/>
  <testcase classname="tests.AddProductToShoppingCartTest" name="userCanRemoveProductFromShoppingCart" time="1.055"/>
  <system-out/>
</testsuite> <!-- tests.AddProductToShoppingCartTest -->
