<?xml version="1.0" encoding="UTF-8"?>
<!-- Generated by org.testng.reporters.JUnitReportReporter -->
<testsuite hostname="DESKTOP-T931FSH" failures="0" tests="5" name="tests.AddProductReviewTest" time="9.222" errors="0" timestamp="2023-12-13T01:03:38 CET" skipped="0">
  <testcase classname="tests.AddProductReviewTest" name="userCanRegisterSuccefully" time="3.249"/>
  <system-out/>
  <testcase classname="tests.AddProductReviewTest" name="registeredUserCanLogin" time="1.563"/>
  <system-out/>
  <testcase classname="tests.AddProductReviewTest" name="userCanSearchWithAutoSuggest" time="2.202"/>
  <system-out/>
  <testcase classname="tests.AddProductReviewTest" name="registeredUserCanReviewProduct" time="1.529"/>
  <system-out/>
  <testcase classname="tests.AddProductReviewTest" name="registeredUserCanLogout" time="0.679"/>
  <system-out/>
</testsuite> <!-- tests.AddProductReviewTest -->
