<?xml version="1.0" encoding="UTF-8"?>
<!-- Generated by org.testng.reporters.JUnitReportReporter -->
<testsuite hostname="DESKTOP-T931FSH" failures="0" tests="1" name="tests.SearchProductUsingAutoSuggestTest" time="3.046" errors="0" timestamp="2023-12-13T00:56:49 CET" skipped="0">
  <testcase classname="tests.SearchProductUsingAutoSuggestTest" name="userCanSearchWithAutoSuggest" time="3.046"/>
  <system-out/>
</testsuite> <!-- tests.SearchProductUsingAutoSuggestTest -->
