<?xml version="1.0" encoding="UTF-8"?>
<!-- Generated by org.testng.reporters.JUnitReportReporter -->
<testsuite hostname="DESKTOP-T931FSH" failures="0" tests="5" name="tests.EmailFriendTest" time="10.986" errors="0" timestamp="2023-12-10T08:05:58 CET" skipped="0">
  <testcase classname="tests.EmailFriendTest" name="userCanRegisterSuccefully" time="3.492"/>
  <system-out/>
  <testcase classname="tests.EmailFriendTest" name="registeredUserCanLogin" time="1.519"/>
  <system-out/>
  <testcase classname="tests.EmailFriendTest" name="userCanSearchWithAutoSuggest" time="3.863"/>
  <system-out/>
  <testcase classname="tests.EmailFriendTest" name="registeredUserCanSendProductToFriend" time="1.305"/>
  <system-out/>
  <testcase classname="tests.EmailFriendTest" name="registeredUserCanLogout" time="0.807"/>
  <system-out/>
</testsuite> <!-- tests.EmailFriendTest -->
