<?xml version="1.0" encoding="UTF-8"?>
<!-- Generated by org.testng.reporters.JUnitReportReporter -->
<testsuite hostname="DESKTOP-T931FSH" failures="0" tests="2" name="tests.ChangeCurrencyTest" time="5.852" errors="0" timestamp="2023-12-10T07:20:58 CET" skipped="0">
  <testcase classname="tests.ChangeCurrencyTest" name="userCanChangeCurrency" time="1.694"/>
  <system-out/>
  <testcase classname="tests.ChangeCurrencyTest" name="userCanSearchWithAutoSuggest" time="4.158"/>
  <system-out/>
</testsuite> <!-- tests.ChangeCurrencyTest -->
