<?xml version="1.0" encoding="UTF-8"?>
<!-- Generated by org.testng.reporters.JUnitReportReporter -->
<testsuite hostname="DESKTOP-T931FSH" failures="0" tests="3" name="tests.UserRegistrationTestWithDDTAndProperties" time="5.142" errors="0" timestamp="2023-12-15T23:22:00 CET" skipped="0">
  <testcase classname="tests.UserRegistrationTestWithDDTAndProperties" name="registeredUserCanLogin" time="1.478"/>
  <system-out/>
  <testcase classname="tests.UserRegistrationTestWithDDTAndProperties" name="registeredUserCanLogout" time="0.788"/>
  <system-out/>
  <testcase classname="tests.UserRegistrationTestWithDDTAndProperties" name="userCanRegisterSuccefully" time="2.876"/>
  <system-out/>
</testsuite> <!-- tests.UserRegistrationTestWithDDTAndProperties -->
