<?xml version="1.0" encoding="UTF-8"?>
<!-- Generated by org.testng.reporters.JUnitReportReporter -->
<testsuite hostname="DESKTOP-T931FSH" failures="0" tests="2" name="tests.UserRegistrationTestWithDDT" time="9.315" errors="0" timestamp="2023-12-15T00:50:31 CET" skipped="0">
  <testcase classname="tests.UserRegistrationTestWithDDT" name="userCanRegisterSuccefully" time="4.016"/>
  <system-out/>
  <testcase classname="tests.UserRegistrationTestWithDDT" name="userCanRegisterSuccefully" time="5.299"/>
  <system-out/>
</testsuite> <!-- tests.UserRegistrationTestWithDDT -->
