<?xml version="1.0" encoding="UTF-8"?>
<!-- Generated by org.testng.reporters.JUnitReportReporter -->
<testsuite hostname="DESKTOP-T931FSH" failures="0" tests="3" name="tests.UserRegistrationTest" time="5.649" errors="0" timestamp="2023-12-04T11:17:19 CET" skipped="0">
  <testcase classname="tests.UserRegistrationTest" name="registeredUserCanLogin" time="1.547"/>
  <system-out/>
  <testcase classname="tests.UserRegistrationTest" name="registeredUserCanLogout" time="1.278"/>
  <system-out/>
  <testcase classname="tests.UserRegistrationTest" name="userCanRegisterSuccefully" time="2.824"/>
  <system-out/>
</testsuite> <!-- tests.UserRegistrationTest -->
