<?xml version="1.0" encoding="UTF-8"?>
<!-- Generated by org.testng.reporters.JUnitReportReporter -->
<testsuite hostname="DESKTOP-T931FSH" failures="0" tests="1" name="tests.ProductHoverMenuTest" time="3.594" errors="0" timestamp="2023-12-12T22:40:15 CET" skipped="0">
  <testcase classname="tests.ProductHoverMenuTest" name="userCanSelectSubCategories" time="3.594"/>
  <system-out/>
</testsuite> <!-- tests.ProductHoverMenuTest -->
