<?xml version="1.0" encoding="UTF-8"?>
<!-- Generated by org.testng.reporters.JUnitReportReporter -->
<testsuite hostname="DESKTOP-T931FSH" failures="0" tests="1" name="tests.ContactUsTest" time="2.329" errors="0" timestamp="2023-12-10T00:30:23 CET" skipped="0">
  <testcase classname="tests.ContactUsTest" name="userCanContactUs" time="2.329"/>
  <system-out/>
</testsuite> <!-- tests.ContactUsTest -->
