<?xml version="1.0" encoding="UTF-8"?>
<!-- Generated by org.testng.reporters.JUnitReportReporter -->
<testsuite hostname="DESKTOP-T931FSH" failures="0" tests="2" name="tests.AddProductToCompareTest" time="11.162" errors="0" timestamp="2023-12-13T07:25:55 CET" skipped="0">
  <testcase classname="tests.AddProductToCompareTest" name="userCanCompareProducts" time="10.340"/>
  <system-out/>
  <testcase classname="tests.AddProductToCompareTest" name="userCanClearCompareList" time="0.822"/>
  <system-out/>
</testsuite> <!-- tests.AddProductToCompareTest -->
