<?xml version="1.0" encoding="UTF-8"?>
<!-- Generated by org.testng.reporters.JUnitReportReporter -->
<testsuite hostname="DESKTOP-T931FSH" failures="0" tests="3" name="tests.AddProductToWishListTest" time="4.806" errors="0" timestamp="2023-12-12T22:56:48 CET" skipped="0">
  <testcase classname="tests.AddProductToWishListTest" name="userCanSearchForProducts" time="2.493"/>
  <system-out/>
  <testcase classname="tests.AddProductToWishListTest" name="userCanAddProductToWishlist" time="1.797"/>
  <system-out/>
  <testcase classname="tests.AddProductToWishListTest" name="userCanRemoveProductFromWishlist" time="0.516"/>
  <system-out/>
</testsuite> <!-- tests.AddProductToWishListTest -->
