<?xml version="1.0" encoding="UTF-8"?>
<!-- Generated by org.testng.reporters.JUnitReportReporter -->
<testsuite hostname="DESKTOP-T931FSH" failures="0" tests="3" name="tests.UserRegistrationTestWithDDTAndExcel" time="13.302" errors="0" timestamp="2023-12-16T03:55:19 CET" skipped="0">
  <testcase classname="tests.UserRegistrationTestWithDDTAndExcel" name="userCanRegisterSuccefully" time="5.264"/>
  <system-out/>
  <testcase classname="tests.UserRegistrationTestWithDDTAndExcel" name="userCanRegisterSuccefully" time="4.054"/>
  <system-out/>
  <testcase classname="tests.UserRegistrationTestWithDDTAndExcel" name="userCanRegisterSuccefully" time="3.984"/>
  <system-out/>
</testsuite> <!-- tests.UserRegistrationTestWithDDTAndExcel -->
