<?xml version="1.0" encoding="UTF-8"?>
<!-- Generated by org.testng.reporters.JUnitReportReporter -->
<testsuite hostname="DESKTOP-T931FSH" failures="0" tests="1" name="tests.SearchProductTest" time="2.628" errors="0" timestamp="2023-12-13T00:58:01 CET" skipped="0">
  <testcase classname="tests.SearchProductTest" name="userCanSearchForProducts" time="2.628"/>
  <system-out/>
</testsuite> <!-- tests.SearchProductTest -->
